<?xml version="1.0" encoding="UTF-8"?>
<!-- Generated by org.testng.reporters.JUnitReportReporter -->
<testsuite hostname="DESKTOP-0TSGC6B" failures="0" tests="1" name="DemoTest" time="13.490" errors="0" timestamp="2024-06-18T14:49:53 IST" skipped="0">
  <testcase classname="DemoTest" name="sum" time="13.490"/>
</testsuite> <!-- DemoTest -->
