<?xml version="1.0" encoding="UTF-8"?>
<!-- Generated by org.testng.reporters.JUnitReportReporter -->
<testsuite hostname="DESKTOP-0TSGC6B" failures="0" tests="1" name="ecommerce.ecommerce.test.Logintest" time="7.314" errors="0" timestamp="2024-07-08T01:46:33 IST" skipped="0">
  <testcase classname="ecommerce.ecommerce.test.Logintest" name="validateLogin" time="7.314"/>
</testsuite> <!-- ecommerce.ecommerce.test.Logintest -->
