<?xml version="1.0" encoding="UTF-8"?>
<!-- Generated by org.testng.reporters.JUnitReportReporter -->
<testsuite hostname="DESKTOP-0TSGC6B" failures="0" tests="3" name="DemoTest2" time="0.019" errors="0" timestamp="2024-07-03T13:23:56 IST" skipped="0">
  <testcase classname="DemoTest2" name="checklogin" time="0.015"/>
  <testcase classname="DemoTest2" name="checklogin" time="0.002"/>
  <testcase classname="DemoTest2" name="checklogin" time="0.002"/>
</testsuite> <!-- DemoTest2 -->
