<?xml version="1.0" encoding="UTF-8"?>
<!-- Generated by org.testng.reporters.JUnitReportReporter -->
<testsuite hostname="DESKTOP-0TSGC6B" failures="0" tests="3" name="ecommerce.ecommerce.test.AddToCarttest" time="1.334" errors="0" timestamp="2024-07-08T10:49:47 IST" skipped="0">
  <testcase classname="ecommerce.ecommerce.test.AddToCarttest" name="validateCartValueShown" time="0.943"/>
  <testcase classname="ecommerce.ecommerce.test.AddToCarttest" name="validateYourCartPage" time="0.190"/>
  <testcase classname="ecommerce.ecommerce.test.AddToCarttest" name="validateUserInformationPage" time="0.201"/>
</testsuite> <!-- ecommerce.ecommerce.test.AddToCarttest -->
