<?xml version="1.0" encoding="UTF-8"?>
<!-- Generated by org.testng.reporters.JUnitReportReporter -->
<testsuite hostname="DESKTOP-0TSGC6B" failures="0" tests="1" name="ecommerce.ecommerce.test.CheckoutOverviewtest" time="13.409" errors="0" timestamp="2024-07-08T14:57:04 IST" skipped="0">
  <testcase classname="ecommerce.ecommerce.test.CheckoutOverviewtest" name="validatecheckout" time="13.409"/>
  <system-out/>
</testsuite> <!-- ecommerce.ecommerce.test.CheckoutOverviewtest -->
