<?xml version="1.0" encoding="UTF-8"?>
<!-- Generated by org.testng.reporters.JUnitReportReporter -->
<testsuite hostname="DESKTOP-0TSGC6B" failures="0" tests="3" name="ecommerce.ecommerce.test.AddToCarttest" time="0.999" errors="0" timestamp="2024-07-08T14:57:04 IST" skipped="0">
  <testcase classname="ecommerce.ecommerce.test.AddToCarttest" name="validateCartValueShown" time="0.674"/>
  <system-out/>
  <testcase classname="ecommerce.ecommerce.test.AddToCarttest" name="validateYourCartPage" time="0.145"/>
  <system-out/>
  <testcase classname="ecommerce.ecommerce.test.AddToCarttest" name="validateUserInformationPage" time="0.180"/>
  <system-out/>
</testsuite> <!-- ecommerce.ecommerce.test.AddToCarttest -->
